Lottery #20:
0
0
0
0
0
0
0
0
0
0
0
0
0
0
0
0
0
0
0
0
0
0
0
0
0
0
0
0
1
0
0
0
0
0
0
0
0
0
0
0
0
0
0
0
1
0
0
0
0
0
0
0
0
0
0
0
1
0
0
0
0
0
0
0
0
0
1
0
0
0
0
0
0
0
0
3
0
2
0
0
6
0
0
0
3
6
0
0
0
0
0
0
0
0
1
0
0
0
0
0
0
0
4
0
0
0
0
0
0
0
0
0
0
0
0
0
5
0
0
0
0
0
0
0
5
1
0
2
0
0
0
0
4
0
0
6
0
0
1
0
0
6
0
0
0
5
0
0
0
0
0
0
0
3
0
0
0
0
0
0
2
0
0
0
0
0
0
4
0
0
0
0
0
0
0
0
0
0
0
0
3
0
0
0
0
0
3
0
0
0
0
0
0
0
0
0
0
0
0
0
0
0
0
0
0
0
0
0
0
0
0
0
0
0
0
0
0
0
0
0
0
0
0
0
0
0
7
0
8
9
0
1
0
0
9
0
0
0
0
0
0
0
0
0
0
8
0
0
0
9
0
0
0
0
8
0
0
0
0
0
0
0
0
0
0
0
6
0
0
0
0
0
0
0
0
0
0
0
0
0
0
0
1
0
0
0
0
0
1
0
0
0
0
0
10
0
0
0
0
0
1
0
0
0
12
0
0
0
0
0
0
11
8
10
0
0
0
0
0
0
0
11
0
0
0
0
2
0
0
0
0
0
0
0
0
0
0
13
0
0
0
0
7
0
0
0
0
0
0
21
1
0
0
0
0
0
0
13
0
13
0
0
0
0
9
11
0
0
0
0
0
0
1
0
0
0
14
0
0
15
0
0
0
0
1
0
0
0
0
0
10
13
0
0
0
0
15
0
0
0
0
0
0
0
0
25
0
0
0
0
0
0
13
0
17
0
0
0
0
0
0
0
0
0
0
1
1
0
0
0
1
0
0
14
19
0
0
16
15
0
0
0
13
0
0
0
0
10
0
0
0
0
0
0
0
0
0
0
0
0
0
0
0
14
0
0
0
0
0
23
2
0
1
0
0
0
0
0
0
1
17
0
0
0
1
0
0
12
0
0
0
0
0
0
3
1
0
0
0
0
0
0
0
0
1
0
0
0
24
19
0
0
0
0
0
0
0
1
14
16
0
0
0
1
0
0
0
0
0
0
0
0
24
0
0
0
0
12
0
0
18
1
0
23
0
0
0
0
0
1
0
0
0
0
21
0
23
0
20
0
0
0
0
0
0
0
0
0
0
0
0
0
0
0
21
0
1
20
0
1
0
15
0
1
0
0
0
0
0
0
0
0
0
0
12
27
4
1
16
12
1
0
21
0
0
0
0
0
21
0
0
20
0
0
0
0
0
0
1
0
0
0
21
0
1
0
20
0
1
0
0
0
1
0
0
0
0
0
21
0
0
0
2
0
1
0
0
1
0
0
0
26
0
0
0
0
0
0
0
0
0
0
0
0
0
0
0
0
0
0
0
0
0
0
0
0
0
31
0
0
0
0
0
0
0
28
0
0
0
0
27
0
0
24
29
0
0
0
0
0
0
0
0
0
0
0
0
0
0
19
0
0
27
0
0
24
2
0
21
21
0
0
0
0
21
0
0
0
0
0
0
3
0
34
0
0
0
37
0
0
35
0
0
28
0
0
0
26
0
2
0
1
0
0
24
0
0
0
0
0
0
24
0
0
0
0
2
0
34
0
33
0
2
0
0
0
0
0
0
0
0
0
0
2
0
0
0
0
0
0
0
33
33
20
0
0
0
0
0
0
0
0
31
21
0
0
0
0
0
0
0
0
0
0
0
1
35
0
0
0
0
0
29
0
0
0
0
1
29
42
0
0
0
0
36
32
0
1
0
3
1
0
0
1
0
0
0
0
0
0
0
0
0
0
0
0
0
2
0
0
0
37
0
0
0
0
0
0
0
0
0
0
0
0
26
26
0
0
1
0
0
3
0
0
31
0
39
1
0
37
0
0
0
0
38
1
0
0
0
0
45
0
30
0
34
0
0
42
1
0
0
0
0
0
0
0
0
0
0
0
0
0
44
0
0
0
40
0
0
0
27
40
39
0
0
2
0
0
40
0
0
47
33
0
0
0
1
0
0
40
0
0
0
2
0
0
0
31
0
0
0
0
0
0
0
43
2
0
0
0
0
1
0
0
0
0
0
0
0
0
0
0
40
36
1
1
0
0
0
0
0
0
0
31
0
0
0
1
23
1
2
4
0
0
0
0
0
45
0
0
0
0
0
33
0
49
0
0
0
0
0
0
0
41
0
0
0
0
0
0
0
0
50
0
0
0
0
0
0
1
0
0
0
0
0
0
0
0
0
2
0
0
0
2
2
47
0
0
2
39
0
32
0
0
1
0
0
0
0
37
0
0
0
0
0
0
0
0
38
0
0
0
0
0
3
0
0
0
2
0
0
3
0
0
0
0
0
0
4
0
51
44
0
0
39
0
0
0
2
0
0
51
0
0
0
0
0
0
0
0
0
0
1
0
0
5
0
0
39
1
0
0
0
0
32
0
53
0
0
44
0
0
0
0
0
0
0
0
43
0
0
2
0
0
0
0
0
0
0
0
0
0
0
0
0
0
44
0
0
3
0
0
0
0
0
2
2
0
0
42
44
0
0
0
54
0
0
0
0
44
0
0
0
0
0
0
0
47
0
39
0
0
0
46
42
49
0
52
0
3
0
0
0
0
4
0
0
0
0
0
0
0
2
0
0
37
0
45
31
0
0
3
0
0
0
0
2
1
0
0
0
3
0
52
3
0
0
0
0
0
0
0
0
0
0
1
0
0
0
0
0
0
0
0
0
0
1
0
0
52
0
2
0
0
0
0
0
0
1
0
0
0
1
1
0
54
0
0
0
0
0
57
0
0
0
0
0
0
0
44
0
0
0
0
59
0
2
48
0
53
0
2
59
0
0
1
1
0
0
0
0
0
0
0
0
0
0
0
0
0
1
2
0
0
3
0
0
0
0
0
0
0
1
0
0
0
3
0
0
0
0
0
0
0
0
2
0
45
0
0
0
1
0
0
0
0
0
0
0
57
0
0
45
0
0
0
0
0
0
0
0
0
45
0
0
53
0
62
2
0
62
5
0
53
40
0
0
60
0
0
3
63
0
1
0
0
0
0
0
52
0
0
0
55
0
0
0
0
0
0
0
0
0
42
0
0
0
0
0
39
0
0
0
1
0
0
0
0
0
0
0
0
0
2
0
64
0
60
0
0
0
1
0
0
3
0
43
0
0
43
58
0
49
0
1
0
0
0
0
0
0
0
58
0
45
0
0
51
0
0
0
50
0
0
1
0
2
0
0
62
0
53
0
0
0
0
57
2
68
70
0
0
0
0
51
0
0
4
0
0
3
4
0
0
0
62
0
0
0
0
0
0
5
0
0
0
0
48
3
0
0
0
0
0
0
1
0
49
0
6
0
0
0
64
3
0
0
0
1
0
51
0
0
1
3
0
0
3
0
69
0
0
0
0
0
0
0
0
63
0
0
56
2
0
0
0
0
0
0
0
0
46
59
0
0
0
0
0
0
4
1
0
0
51
0
0
0
0
2
56
0
0
0
0
2
0
0
0
0
0
0
0
0
0
48
0
0
0
0
0
3
0
3
0
1
0
58
0
0
73
0
0
0
2
0
1
2
0
0
4
74
0
0
0
66
0
0
54
2
65
0
2
0
0
0
0
0
0
0
0
1
0
1
52
0
0
5
3
0
0
51
0
60
66
0
3
0
2
0
54
3
0
0
54
0
72
0
0
0
0
1
0
0
0
0
69
0
0
1
0
0
0
0
0
2
0
0
66
0
0
3
0
0
0
0
0
0
0
0
0
0
0
54
0
66
0
63
2
0
1
0
0
2
0
0
0
0
0
55
1
0
1
1
0
0
0
0
3
0
6
64
0
0
0
0
0
2
0
0
0
1
1
0
0
0
0
0
0
0
0
62
0
0
1
1
0
0
0
0
0
0
0
0
0
2
2
74
1
0
3
75
0
0
0
0
54
54
0
2
6
0
3
72
59
0
0
0
0
0
0
0
0
0
81
0
0
0
0
0
0
0
0
0
0
0
0
4
0
0
63
0
60
0
0
2
0
0
0
3
0
0
0
0
0
0
0
0
3
0
0
4
0
0
0
67
0
0
0
0
0
68
0
0
0
1
0
0
0
0
0
0
2
0
0
0
71
0
1
0
0
0
1
0
0
0
0
85
0
71
0
0
69
0
86
84
0
0
0
65
0
0
0
0
4
69
0
0
4
0
0
69
0
0
2
0
65
0
0
0
0
86
0
0
68
5
0
0
0
0
0
0
3
5
0
0
0
1
2
0
4
1
85
3
0
0
0
0
0
0
79
2
0
75
0
0
0
0
2
0
6
0
0
4
0
68
0
0
4
68
0
0
0
0
64
0
64
0
0
0
86
0
0
0
0
0
0
0
0
66
0
8
0
0
0
79
0
6
0
0
0
0
0
0
0
59
0
77
69
85
0
5
6
0
0
0
0
1
0
0
0
0
0
5
3
0
0
0
0
0
1
0
0
0
91
0
79
0
0
0
80
1
2
0
2
2
0
4
4
3
0
4
0
0
76
6
0
82
0
1
1
0
0
0
0
4
0
0
0
0
0
0
0
0
0
0
69
0
0
0
2
0
0
0
1
87
0
0
3
0
92
0
87
0
0
0
0
0
0
1
0
0
70
68
0
0
0
0
0
0
0
0
0
0
0
0
0
0
7
0
73
0
1
0
6
0
85
0
66
5
0
2
0
0
2
0
0
0
0
3
0
0
6
0
0
0
0
0
0
0
0
3
5
98
3
0
0
0
0
0
0
0
0
1
0
76
0
92
0
79
66
0
3
0
0
0
0
2
83
0
0
0
2
0
0
0
0
0
93
0
0
0
90
3
73
3
0
0
2
0
0
0
101
0
101
0
4
1
0
71
80
0
0
0
0
0
0
0
4
0
0
0
88
0
0
0
0
94
0
0
1
95
81
8
4
0
0
0
0
0
103
0
0
0
0
0
0
3
0
96
0
90
2
0
0
0
96
0
0
74
0
0
1
0
78
0
0
2
0
0
0
0
0
0
0
0
96
0
2
2
0
4
5
1
0
4
0
0
2
0
0
0
101
0
86
2
0
1
0
0
0
107
0
0
0
0
0
0
4
1
94
1
0
0
0
0
0
0
0
3
0
79
0
0
1
0
0
0
0
0
0
0
3
97
4
76
0
0
106
0
0
0
93
0
0
5
0
0
0
101
90
3
76
0
0
0
2
0
5
3
80
93
7
0
0
0
0
107
0
0
0
0
0
0
0
0
80
0
0
0
0
0
0
0
1
108
0
5
0
0
0
3
3
0
0
0
0
0
0
6
4
0
0
88
0
0
0
0
0
0
0
6
2
0
0
0
2
0
0
0
0
0
0
4
0
0
0
0
0
0
96
0
0
0
97
0
0
0
0
77
3
0
0
0
101
0
4
0
3
0
0
0
0
0
0
0
0
0
0
5
0
0
0
0
5
1
0
0
97
0
0
0
8
0
0
4
102
0
0
0
0
0
91
0
0
0
0
89
0
0
96
102
0
0
0
0
0
119
0
92
90
0
2
0
0
0
0
0
5
0
0
0
0
0
3
0
2
0
0
0
0
0
0
98
0
0
1
0
0
0
0
0
88
1
0
101
0
0
0
0
102
107
0
1
0
0
0
0
4
0
0
0
0
93
0
0
0
0
0
4
3
0
0
0
109
93
0
88
104
92
0
2
0
7
0
3
0
0
0
5
0
0
5
0
0
1
0
0
0
94
0
0
0
0
91
0
1
0
0
0
0
0
0
0
0
0
94
0
0
3
0
5
0
3
0
0
0
0
1
0
0
0
0
0
0
0
0
0
0
90
0
0
0
0
0
0
11
0
0
2
0
0
4
0
0
0
104
0
2
0
4
0
1
0
0
0
0
0
0
0
1
0
84
0
0
0
0
0
0
0
0
2
0
0
1
0
100
0
0
0
110
1
93
0
2
3
0
2
0
0
0
0
0
0
0
0
5
0
0
5
0
0
1
0
0
0
0
0
0
117
0
0
0
0
1
0
93
0
127
5
0
117
0
0
0
0
128
0
103
0
2
0
0
0
0
0
0
105
2
94
0
0
86
0
1
0
0
0
0
0
0
0
0
98
0
0
0
0
0
96
0
0
0
0
0
0
3
0
0
96
0
0
98
0
0
0
0
0
0
0
0
1
0
0
0
0
6
6
94
0
0
0
0
2
0
2
4
0
0
0
3
0
0
0
87
0
0
7
0
5
0
0
0
1
0
0
0
0
0
0
0
0
111
0
0
0
0
0
0
121
0
0
0
2
4
0
5
0
0
0
0
0
0
0
0
0
0
0
0
118
5
0
0
0
0
0
6
101
0
0
0
0
0
0
0
5
0
112
6
5
5
0
3
5
112
0
0
0
0
0
3
0
6
138
0
0
0
2
99
0
0
3
0
0
0
0
0
0
0
123
103
0
0
0
0
0
0
6
0
3
0
124
115
3
0
0
7
104
0
1
0
0
0
0
0
0
0
0
0
0
0
4
0
0
119
2
0
0
0
0
3
2
0
0
0
0
0
6
0
0
0
0
0
0
0
0
0
0
0
6
0
5
0
106
0
4
0
0
0
0
0
0
5
1
0
1
0
0
0
6
0
0
0
0
121
122
1
0
1
0
0
3
0
0
0
110
0
0
0
0
120
0
0
0
0
0
0
0
0
0
0
0
122
0
0
0
121
121
0
121
117
5
0
0
0
5
116
3
109
0
5
0
0
4
0
4
0
0
117
0
0
114
117
0
110
0
0
0
0
3
0
0
0
0
0
6
0
0
0
112
0
104
129
0
0
0
0
0
0
124
0
3
0
117
0
7
0
0
0
128
0
0
0
0
120
0
0
0
0
0
2
0
0
0
1
2
0
124
0
1
0
0
0
98
0
0
0
0
0
0
0
0
117
0
5
111
111
0
0
122
0
1
0
0
0
2
0
120
0
0
0
0
0
0
4
0
0
0
0
0
0
0
0
114
2
0
0
0
0
0
0
0
0
0
0
3
0
1
0
0
6
0
0
0
0
0
0
132
129
0
0
3
2
4
5
0
0
0
0
126
122
0
114
123
0
0
0
0
0
0
145
0
0
3
0
2
0
7
0
105
0
0
0
131
0
0
0
133
126
0
111
0
0
0
0
147
124
1
0
128
125
0
0
0
124
116
0
0
136
0
0
0
0
0
0
0
0
0
0
0
114
0
3
0
6
0
122
9
108
0
0
0
1
0
0
0
0
121
0
0
9
0
0
116
134
149
133
0
0
0
0
0
0
0
0
109
127
0
4
8
0
0
0
0
0
0
0
0
0
4
0
141
0
0
7
0
0
115
0
0
0
0
0
0
0
0
4
0
0
0
0
0
0
0
0
0
5
1
117
0
6
0
3
0
0
0
5
0
0
0
0
0
1
3
0
130
1
4
115
0
6
2
0
0
0
0
0
0
0
0
0
0
118
0
0
139
122
1
0
4
0
7
0
0
0
131
1
0
0
0
0
10
0
5
2
113
4
0
0
133
0
0
0
0
5
0
0
131
140
0
0
4
0
0
0
0
0
0
0
0
0
5
0
0
1
4
5
125
0
0
2
0
0
0
133
3
0
0
0
0
0
0
0
0
0
0
133
0
0
0
129
6
0
0
141
0
0
0
125
0
0
120
0
0
0
6
0
0
0
0
0
0
0
0
5
0
6
0
0
0
119
3
0
9
0
0
0
0
0
0
5
0
0
0
0
133
0
0
0
0
127
0
0
0
0
146
0
3
0
163
0
0
0
126
129
0
7
0
0
120
125
0
7
7
133
0
7
0
0
0
0
0
0
0
0
126
5
0
0
0
0
0
0
0
0
0
5
123
0
127
0
1
0
128
0
3
0
0
142
0
6
3
0
0
0
139
0
0
0
0
0
0
0
4
0
140
0
1
7
0
130
0
129
0
0
0
0
0
0
0
0
142
0
128
125
146
0
0
131
7
142
0
0
7
0
7
4
0
143
0
0
1
0
0
7
0
4
4
0
3
133
3
0
3
0
2
0
0
0
0
141
0
0
136
140
0
0
4
0
0
0
0
0
0
0
0
147
0
0
133
11
0
0
0
0
0
0
137
1
0
140
0
0
151
0
0
0
0
0
0
0
2
0
0
133
0
0
0
0
142
0
0
141
0
6
0
0
0
0
7
0
0
0
0
0
0
149
6
138
0
0
123
0
3
159
0
4
0
0
149
0
0
0
0
0
132
130
0
0
0
3
0
0
1
0
0
1
135
0
0
0
0
0
0
9
0
4
154
0
0
0
0
0
0
0
3
0
5
0
0
0
153
0
0
0
2
0
0
0
0
162
0
139
131
0
0
0
0
0
6
0
0
0
0
0
0
153
0
0
0
0
0
131
0
0
146
0
0
131
0
0
1
0
0
0
0
0
0
0
1
0
0
0
0
0
0
0
172
0
0
0
0
138
0
0
0
142
0
137
7
137
0
153
0
0
0
9
0
8
0
0
0
4
0
154
0
0
3
0
0
0
159
0
0
0
0
0
0
0
144
0
0
0
6
0
0
139
0
0
0
0
0
6
0
0
0
0
0
0
0
3
164
0
139
0
0
0
0
132
0
0
0
144
0
1
0
138
0
0
0
0
6
127
0
0
174
0
0
10
0
0
139
0
0
5
5
0
0
0
0
0
140
0
5
1
0
0
7
143
0
141
0
157
0
0
0
0
0
166
3
141
4
0
0
0
0
0
1
159
0
0
0
5
0
0
0
0
162
0
0
0
4
0
0
0
0
7
0
0
0
144
0
5
136
7
0
0
0
0
3
0
0
0
0
0
0
8
0
1
144
0
160
0
5
0
0
153
0
0
7
0
0
0
2
1
0
0
0
0
0
0
0
0
0
5
0
0
0
0
155
0
154
142
0
166
0
0
0
7
0
8
0
0
0
0
3
0
0
0
0
0
0
0
0
0
0
0
0
0
143
0
6
9
0
157
0
0
0
0
145
0
0
0
0
0
0
0
167
0
181
0
6
0
0
0
0
1
0
1
0
4
0
163
5
144
0
145
142
4
7
0
146
0
0
0
0
151
1
0
0
3
0
1
8
0
0
0
0
0
0
154
168
146
0
0
172
0
5
0
0
5
0
0
7
167
0
0
0
5
152
7
0
0
146
0
0
167
0
0
0
0
1
0
8
0
5
7
0
0
7
0
6
0
4
0
0
0
0
8
0
146
7
0
0
0
7
146
0
155
0
5
0
0
168
0
0
168
1
172
0
0
0
0
0
0
0
0
0
0
137
4
1
0
0
0
0
7
0
154
0
4
0
0
0
0
151
176
6
0
0
0
0
0
6
0
0
0
0
8
8
2
0
170
0
0
0
5
0
4
0
0
144
10
0
0
0
0
7
0
0
0
0
8
148
0
0
0
0
0
0
0
0
0
0
0
0
4
0
161
4
0
7
0
0
0
189
175
0
0
177
0
176
0
0
0
0
2
0
4
171
0
0
0
0
171
0
0
0
175
8
0
0
160
0
0
0
0
0
160
5
0
179
0
0
0
0
4
8
0
0
10
0
0
0
0
0
0
7
0
4
161
0
0
0
0
0
0
173
0
0
176
0
0
0
0
5
0
0
0
0
180
0
0
0
0
0
176
0
5
0
0
6
173
0
0
0
0
0
1
0
157
0
0
0
149
0
0
0
0
0
0
0
0
0
0
0
0
0
0
5
0
0
0
0
0
178
0
0
10
0
0
0
0
0
0
0
0
7
7
0
0
174
150
0
0
0
7
0
0
0
0
0
0
1
160
11
0
0
0
0
0
2
0
182
0
161
0
0
150
0
0
0
5
8
7
0
0
2
5
0
0
0
0
0
0
7
0
179
0
0
3
0
0
179
0
0
155
161
5
0
0
0
0
5
0
186
1
1
1
0
0
179
0
4
0
194
0
0
0
177
0
164
0
0
9
15
0
161
0
9
0
180
161
0
0
0
0
169
0
156
186
0
0
0
169
0
0
0
7
0
0
0
7
0
0
196
0
0
0
0
5
167
0
8
0
0
9
3
10
1
3
0
153
0
2
6
0
0
0
9
0
9
0
0
0
0
0
0
0
0
0
0
0
0
0
0
6
0
13
164
0
0
10
0
8
0
3
0
10
0
198
2
0
0
0
0
9
11
0
0
5
0
4
175
0
0
0
168
0
0
0
0
1
166
0
0
0
0
0
0
0
0
7
0
0
0
8
0
166
0
0
0
0
0
0
0
0
0
0
189
0
0
0
0
0
162
0
176
6
0
0
8
183
0
201
0
0
0
6
0
3
0
0
188
6
0
7
0
0
0
166
175
0
159
0
189
0
0
202
0
0
0
0
0
0
0
0
0
3
1
1
8
3
0
0
0
0
0
0
192
0
1
0
169
0
8
0
0
0
7
169
1
0
164
0
0
0
0
0
9
0
1
0
198
0
0
3
0
0
0
0
0
0
0
10
0
0
0
168
0
7
0
190
0
0
0
8
0
0
0
0
0
0
0
0
0
0
0
0
0
3
164
0
0
0
0
0
0
3
0
0
0
170
0
0
0
0
165
0
5
173
6
0
0
5
0
0
0
0
0
0
0
0
0
182
0
0
7
0
0
0
0
7
0
0
0
0
0
0
0
0
0
0
0
0
6
1
0
0
4
0
0
0
0
0
0
0
0
0
0
212
0
1
0
0
183
0
175
0
199
5
0
0
0
5
0
0
0
0
0
0
0
4
0
0
0
0
0
0
4
0
0
0
0
0
0
0
0
0
0
0
0
0
0
0
0
0
0
0
0
0
177
0
0
0
0
4
0
170
0
0
0
0
0
1
0
200
0
0
10
0
0
0
193
0
0
0
8
0
8
1
0
0
0
0
10
0
194
4
6
0
0
0
173
0
201
204
0
4
0
0
204
0
0
0
5
196
0
0
9
0
9
8
0
0
0
0
0
16
0
179
0
0
0
1
2
6
201
10
0
0
2
7
0
7
5
0
0
0
0
0
172
0
0
0
0
0
0
8
0
196
0
183
9
0
179
3
1
0
0
188
183
0
0
196
5
0
0
0
11
0
0
0
0
8
0
0
178
13
0
0
6
0
181
0
0
3
178
0
0
0
3
0
1
0
0
197
7
0
0
193
0
0
11
0
0
0
6
181
0
6
0
7
181
4
186
0
182
0
0
7
2
0
0
0
0
0
0
7
0
15
176
7
0
0
0
0
0
0
0
6
0
205
0
0
0
179
0
0
207
0
6
0
0
4
0
0
0
0
0
0
0
0
0
188
0
189
0
183
0
0
182
0
0
0
0
0
10
184
1
0
0
0
0
5
0
0
222
0
0
0
0
6
1
0
0
0
0
7
0
0
0
191
0
0
180
185
7
0
0
180
185
8
0
178
206
0
0
0
190
0
0
0
0
0
0
0
0
8
0
201
0
0
0
201
0
225
0
7
209
0
203
0
0
0
5
5
0
0
0
2
1
0
0
0
0
0
5
0
187
0
8
192
13
0
0
0
0
0
0
0
0
0
0
0
0
0
7
0
0
0
0
200
5
1
1
222
0
0
0
0
4
1
0
0
11
7
0
0
0
0
0
205
212
0
8
4
0
0
0
0
0
193
0
0
0
0
0
191
8
0
6
0
0
0
7
7
0
0
0
216
7
0
0
212
0
0
0
0
8
0
0
0
0
0
0
0
7
0
0
0
193
7
0
204
0
11
178
8
0
0
1
1
0
0
0
205
0
219
0
7
0
6
9
9
0
195
0
0
195
0
0
0
0
0
0
0
0
0
233
0
0
0
0
0
0
0
0
0
0
0
0
0
0
206
0
6
195
1
0
207
0
0
0
0
187
0
0
0
0
7
0
0
0
0
188
7
6
0
11
193
0
0
5
233
0
0
0
0
198
0
0
0
0
0
6
0
0
0
0
0
15
0
0
7
0
0
197
0
0
0
6
0
4
0
0
193
0
0
0
0
8
0
208
0
0
0
0
0
0
0
1
0
0
0
0
210
0
0
0
0
0
210
0
7
0
0
0
196
0
0
198
0
209
0
0
7
0
1
199
0
0
0
0
221
0
0
5
204
0
0
1
0
0
5
0
5
12
11
0
0
0
196
0
1
0
8
0
0
0
1
0
3
0
0
0
9
0
1
0
0
6
0
0
0
0
0
194
11
0
3
223
0
0
0
0
0
5
0
0
0
0
9
0
0
7
0
215
11
0
0
7
0
0
0
6
5
200
0
0
4
0
0
6
0
0
0
0
0
195
0
0
0
0
0
7
4
0
220
0
0
1
0
212
0
0
201
0
7
6
7
229
0
213
208
0
0
0
0
0
201
204
5
0
8
0
0
203
0
0
0
0
7
0
0
0
213
0
6
231
241
0
0
0
0
0
0
0
0
213
0
8
206
1
1
0
0
0
1
209
0
0
5
0
229
0
193
0
10
0
8
215
0
0
198
1
223
0
0
6
0
6
8
0
0
5
0
0
0
0
0
0
0
0
0
0
0
0
0
0
224
6
203
204
0
0
224
0
243
0
0
0
0
0
0
0
0
0
0
0
0
0
0
1
0
0
0
215
16
0
0
1
0
0
0
6
0
0
0
0
0
0
0
0
0
0
0
1
0
0
0
8
0
0
0
0
0
0
0
0
9
0
10
0
0
0
8
0
0
0
0
0
0
0
0
199
0
238
0
0
0
216
199
0
7
0
0
8
0
0
0
0
0
3
0
217
0
11
0
0
2
0
0
0
0
0
240
0
0
0
203
2
0
209
0
2
217
0
0
0
0
0
0
0
0
0
223
0
0
9
0
0
0
6
246
0
205
0
0
10
0
6
0
0
246
0
0
212
0
0
0
0
10
0
12
0
0
0
205
0
0
0
0
0
0
1
233
0
0
9
5
0
7
1
7
0
0
0
0
0
0
239
0
0
5
1
194
0
0
11
0
0
0
0
0
0
0
0
0
0
0
0
0
0
0
10
0
0
0
208
0
8
220
0
0
7
0
198
0
0
215
0
218
10
215
0
12
0
0
208
238
209
1
0
7
0
0
0
216
0
0
248
0
239
210
0
7
0
244
0
0
0
0
0
0
0
0
0
0
0
8
0
0
0
0
228
0
0
0
0
0
0
256
0
0
253
0
0
0
0
0
0
0
217
1
0
0
6
216
0
219
0
1
216
1
0
11
0
7
0
0
16
0
0
0
0
209
8
0
0
0
8
0
0
3
0
0
0
0
251
9
0
0
6
1
0
0
0
0
0
0
0
0
0
0
0
0
0
1
0
0
0
252
220
0
0
0
0
222
0
0
0
0
0
0
0
1
0
8
6
217
0
0
0
0
0
0
0
0
0
0
0
0
0
0
0
1
0
0
10
0
0
0
11
0
7
7
0
0
0
0
0
1
0
221
0
0
1
0
0
9
0
0
0
0
224
1
0
0
1
0
0
248
0
0
6
1
0
0
0
0
0
0
0
227
0
0
0
0
0
0
0
232
0
0
0
0
1
0
0
1
0
8
0
9
263
0
0
0
219
0
0
0
0
0
0
218
3
0
11
0
0
0
6
0
0
8
230
7
260
0
1
0
10
8
0
5
221
0
219
8
0
0
0
6
0
0
222
0
4
229
231
0
0
0
0
252
0
0
0
7
9
0
0
0
247
6
0
0
0
0
221
0
0
0
0
223
0
222
0
0
0
0
0
222
0
0
0
222
0
11
0
0
0
0
250
0
0
0
2
0
0
0
8
0
0
0
230
5
0
221
0
0
0
0
0
236
223
0
9
223
0
10
0
1
0
0
0
222
0
8
0
0
0
0
224
15
0
1
0
11
0
224
0
0
0
0
7
0
0
0
0
0
0
0
1
0
0
0
7
0
0
0
0
232
0
10
228
0
0
0
0
0
0
0
0
0
0
0
242
0
236
1
9
8
0
0
0
11
263
0
0
12
8
0
229
3
0
207
0
0
0
227
0
0
0
0
237
222
0
0
0
0
0
0
0
0
0
228
0
0
0
0
0
0
0
4
0
0
0
0
0
12
0
0
0
0
0
0
0
8
0
7
0
1
0
0
0
0
0
0
2
0
0
8
0
0
2
7
11
0
7
0
0
0
0
231
0
0
6
10
0
6
6
264
0
7
0
0
0
0
15
0
0
0
0
0
0
0
6
0
0
0
0
0
5
0
227
0
227
2
0
247
0
7
0
0
241
0
0
1
1
0
0
0
0
0
0
0
0
254
262
4
231
10
0
10
9
0
0
0
0
0
0
11
263
0
0
0
0
14
0
7
8
9
247
0
0
0
0
0
1
0
8
249
0
0
232
1
0
8
9
0
0
0
0
0
4
0
0
0
0
0
0
0
232
0
0
233
0
0
0
0
232
12
0
0
0
0
0
0
0
0
7
0
9
0
0
0
0
0
0
0
0
7
0
276
0
0
0
0
0
7
236
0
0
0
0
0
0
238
0
0
0
0
14
0
270
270
13
0
0
6
0
0
261
8
0
0
237
233
0
0
228
0
243
0
10
0
0
0
233
12
0
0
1
0
281
0
0
0
0
9
0
243
0
0
0
12
0
0
0
0
0
9
0
1
0
0
0
5
0
0
0
261
1
0
9
0
0
0
0
0
0
0
5
0
0
0
0
0
0
1
0
0
8
0
0
0
0
268
7
0
1
0
240
265
0
0
0
265
0
0
0
0
16
0
0
7
0
0
0
8
0
279
0
0
10
0
0
0
0
0
0
0
0
0
0
0
0
278
1
0
0
0
0
0
0
0
0
0
10
0
235
0
0
0
267
16
6
0
15
0
0
255
0
0
244
7
0
0
6
13
0
245
0
0
0
0
0
0
1
0
0
0
0
0
0
0
259
0
0
13
0
0
0
0
242
0
0
7
0
11
0
0
0
10
0
283
223
251
283
0
12
0
0
0
0
269
0
0
253
253
0
6
0
0
248
0
0
2
0
0
0
288
0
1
10
277
11
0
0
224
0
0
254
0
0
0
8
0
0
0
270
1
0
244
7
0
13
0
0
0
234
9
0
10
0
0
0
0
0
0
0
0
9
0
0
246
0
8
0
0
0
0
0
0
0
0
0
0
11
0
0
267
4
8
0
0
0
0
0
5
9
256
0
10
0
1
6
0
0
0
0
0
0
0
0
0
0
9
250
0
2
0
0
0
0
0
0
0
0
9
250
0
3
4
0
0
15
0
0
0
0
1
13
0
0
0
9
0
0
0
0
0
0
0
0
1
11
0
11
0
11
0
258
0
0
0
0
0
0
0
0
246
0
0
11
255
11
0
0
279
258
0
10
254
1
8
0
0
0
0
278
0
0
7
0
0
268
0
0
0
258
0
0
0
10
295
0
0
0
281
0
0
0
11
0
0
0
0
0
0
0
8
0
0
280
0
0
0
0
0
239
0
0
1
0
0
0
11
0
262
0
0
0
0
0
9
257
252
0
0
0
0
0
0
8
6
295
9
258
288
0
12
0
0
0
1
0
0
0
0
0
0
262
0
0
0
0
257
0
0
0
0
0
0
0
0
9
0
0
1
9
0
0
0
0
10
1
0
0
0
0
0
11
9
0
9
0
0
267
13
13
0
3
0
0
274
0
0
0
0
0
0
11
0
10
0
0
1
9
0
298
0
9
244
0
0
0
0
0
0
284
0
0
0
0
6
0
0
0
0
0
0
0
0
0
0
0
239
9
0
1
265
1
9
0
0
0
0
0
1
276
11
0
2
0
6
0
0
0
299
0
0
0
0
267
0
0
0
0
0
5
264
0
11
306
1
270
8
0
0
246
0
0
0
0
0
0
0
13
286
277
0
8
0
267
12
0
0
0
0
0
0
0
255
0
7
0
1
268
0
0
0
0
281
11
307
0
0
0
0
0
0
0
0
301
0
0
0
0
0
0
288
0
0
0
0
0
0
262
0
1
0
0
0
0
0
0
268
0
0
0
1
0
0
1
0
9
18
0
0
278
0
0
0
1
0
0
0
14
0
0
9
16
0
0
0
0
0
0
302
290
0
11
0
12
256
0
308
0
12
13
0
0
0
0
10
0
0
0
0
0
0
0
0
0
0
0
17
0
7
0
13
0
0
12
0
286
0
0
0
0
15
0
0
0
0
12
270
0
294
12
0
0
0
0
0
0
278
0
269
0
0
0
0
0
10
0
4
0
280
10
0
270
0
0
274
0
0
0
0
0
267
0
267
0
267
0
0
1
0
6
0
287
2
282
0
267
278
0
0
273
0
1
264
0
0
8
0
0
13
0
292
292
1
283
0
0
0
0
11
0
9
0
0
11
0
0
2
254
0
0
0
272
0
0
0
0
7
0
0
254
271
0
269
284
2
8
0
0
1
0
0
276
11
0
273
0
0
0
13
0
284
0
254
13
0
14
0
299
7
12
0
1
283
273
0
292
11
0
0
0
0
0
0
0
0
0
0
0
0
0
0
316
7
0
0
0
1
0
306
278
0
0
0
9
0
0
312
280
0
12
0
1
0
0
0
15
0
287
2
0
0
302
0
0
0
0
0
8
0
17
262
0
272
1
0
0
0
0
0
1
0
0
0
273
279
0
14
0
0
302
0
0
0
0
0
0
1
0
280
9
0
13
0
255
0
0
0
0
0
0
285
10
0
0
0
0
0
1
0
275
0
0
0
0
0
14
7
9
320
0
17
0
0
11
4
0
0
0
312
0
0
0
0
0
0
0
1
0
10
12
0
0
0
0
11
6
256
258
0
0
0
0
0
10
0
0
0
0
0
0
4
0
0
0
0
0
308
0
0
1
9
0
14
278
0
0
0
1
1
0
0
0
0
0
0
0
0
0
265
0
0
0
0
14
0
0
0
0
0
0
0
0
0
0
0
0
0
0
0
1
0
7
315
13
0
280
0
13
326
0
9
0
0
0
0
0
0
0
0
14
0
13
0
0
0
0
0
0
12
0
0
0
0
0
0
0
0
258
0
0
9
8
0
10
0
290
12
7
0
1
0
0
0
0
0
0
0
11
279
0
264
7
315
10
0
0
0
0
267
0
0
296
258
0
11
276
13
0
0
287
0
288
1
0
0
1
317
0
0
6
0
288
0
0
0
0
0
0
0
0
0
0
0
283
9
0
0
0
0
0
0
288
0
0
0
0
266
0
0
0
0
8
0
13
0
13
1
0
0
0
13
0
0
0
0
8
0
293
0
0
0
0
11
11
289
0
10
0
0
0
0
0
0
0
329
0
0
0
10
0
0
0
0
0
0
0
0
316
0
0
0
0
0
0
270
0
0
0
0
0
0
0
317
0
274
0
0
0
0
0
0
0
0
0
2
0
0
14
0
9
11
0
18
0
0
0
0
0
0
0
0
0
0
0
1
309
0
14
294
0
0
295
0
0
0
0
0
282
0
18
0
290
17
298
0
0
0
5
0
13
299
0
8
0
0
0
0
0
0
0
17
0
0
8
0
0
0
282
0
0
298
0
0
0
11
0
0
0
0
17
0
0
0
10
1
0
0
289
0
0
327
10
281
0
0
283
12
0
290
302
328
11
0
0
0
0
0
0
0
0
0
0
323
0
12
0
1
0
6
0
288
0
0
0
0
13
279
0
0
0
1
0
1
0
0
12
5
0
12
323
0
0
0
0
0
0
0
12
0
0
0
0
0
0
0
14
0
1
0
0
0
0
0
2
0
0
0
8
0
0
0
0
0
8
0
0
0
0
0
0
281
0
8
305
0
0
10
11
0
0
10
323
0
11
337
1
18
0
7
18
0
0
0
0
0
0
0
338
0
0
0
338
305
0
293
0
305
0
293
287
0
1
0
0
0
0
0
0
0
0
0
0
297
0
330
0
9
2
0
0
11
303
0
15
0
0
0
0
0
18
0
0
1
0
0
339
305
1
299
0
0
0
9
0
0
10
1
0
0
0
0
299
0
0
0
0
0
0
0
0
0
294
0
0
0
0
8
11
8
0
1
0
0
0
0
315
0
0
0
0
0
8
0
0
0
7
0
0
332
0
0
0
0
0
0
0
0
332
0
0
0
13
12
0
0
0
0
14
0
0
0
336
9
0
313
0
7
0
9
285
0
0
0
300
0
1
0
0
0
0
0
1
8
10
0
0
0
1
0
0
329
0
0
311
3
280
0
0
320
0
0
301
7
12
0
0
0
0
332
0
0
302
7
0
0
0
307
0
1
15
0
0
0
0
0
7
0
1
0
281
286
0
0
282
12
7
10
0
293
0
335
0
0
283
1
0
0
11
0
0
0
0
0
11
0
7
0
0
0
0
0
318
0
0
12
0
0
0
305
10
0
0
301
329
0
301
0
1
329
317
11
0
1
0
0
1
0
0
0
0
0
0
0
13
320
0
10
0
0
1
0
0
0
0
0
0
12
0
0
0
294
0
0
322
15
0
0
0
7
0
0
18
335
311
0
0
1
300
0
0
0
13
0
0
0
288
0
5
0
0
0
0
337
0
0
10
0
0
2
308
0
300
0
326
0
0
337
0
13
15
323
0
11
327
0
0
0
0
0
0
346
327
5
296
0
0
0
301
0
0
0
20
8
0
0
7
1
12
0
0
0
0
0
0
0
0
0
2
0
0
2
302
0
0
0
9
0
0
332
1
0
0
0
0
0
0
0
302
0
6
0
0
0
340
321
340
11
0
0
333
0
0
327
0
0
0
0
0
0
1
308
0
1
0
0
14
0
328
0
328
0
0
0
341
11
0
0
0
0
321
0
0
0
0
327
0
350
347
0
302
0
0
0
11
0
313
0
15
0
0
0
12
0
0
0
0
0
0
328
0
0
12
0
0
0
310
0
0
0
0
0
351
9
0
1
0
8
0
0
0
351
0
328
12
0
319
0
326
13
0
0
11
0
0
0
13
0
0
13
0
0
1
0
0
0
0
1
13
0
0
0
0
0
12
0
0
320
328
0
311
15
0
0
0
0
0
16
333
0
0
0
326
6
0
326
350
350
5
0
0
320
0
0
0
0
0
0
9
320
1
0
0
13
309
17
1
0
0
0
15
322
0
0
311
0
0
14
0
0
14
0
0
0
15
0
346
2
0
0
11
1
9
8
0
0
0
0
349
0
0
0
0
0
0
0
0
8
0
10
351
0
21
11
306
16
335
0
0
11
0
0
0
0
0
0
0
0
0
315
0
0
1
306
0
346
0
13
0
0
0
0
6
0
313
0
0
0
0
0
1
0
0
7
0
0
0
0
0
0
14
0
334
354
0
0
315
0
327
0
14
10
0
17
9
0
14
0
0
0
0
0
0
0
0
13
0
0
0
0
351
19
14
10
1
0
0
0
2
0
0
311
0
0
0
0
0
334
0
339
334
0
14
0
311
16
334
0
15
335
0
0
0
0
0
10
0
9
16
0
13
0
0
0
0
10
6
16
0
0
0
0
0
327
0
309
1
6
18
0
0
12
356
0
341
0
344
0
0
0
0
352
0
12
0
0
12
0
313
0
328
1
0
0
18
11
320
0
0
356
0
0
0
0
0
13
1
11
12
0
0
316
0
0
16
0
0
0
0
15
0
0
0
1
0
0
0
328
316
17
0
341
14
0
0
0
0
0
0
338
0
0
368
12
0
0
0
349
0
0
323
0
0
337
0
0
5
338
0
336
0
0
1
306
0
0
0
0
336
0
0
0
0
8
0
0
12
327
318
1
0
0
0
1
0
15
333
317
0
324
7
0
0
5
15
0
0
0
0
0
0
0
322
333
0
0
8
0
320
0
0
0
0
0
10
0
0
2
343
0
0
339
0
0
0
0
0
10
341
0
0
0
0
0
361
1
341
10
337
330
0
0
0
0
0
1
8
1
0
0
8
0
0
370
0
0
0
0
0
0
0
19
0
0
0
0
0
1
0
0
0
0
341
0
0
0
0
0
7
0
9
0
0
1
0
0
0
0
328
0
0
0
10
0
0
0
0
0
0
0
10
0
0
330
10
0
350
341
0
0
0
0
0
0
0
0
0
0
0
15
1
0
331
389
1
0
0
14
345
0
0
0
0
0
1
312
0
14
0
370
0
0
0
0
0
372
0
14
0
12
0
0
0
0
0
0
14
0
0
0
0
13
0
0
15
0
11
13
8
0
10
18
0
347
0
0
0
9
0
0
0
0
0
376
12
390
0
376
0
0
0
0
0
0
1
0
0
0
1
0
0
0
1
373
0
0
0
0
20
1
326
375
0
0
0
0
1
12
0
0
0
0
0
11
0
15
0
0
0
0
0
0
0
0
13
0
0
20
22
10
0
333
0
0
316
13
10
0
333
0
327
0
0
0
0
0
0
1
0
0
0
0
378
0
0
340
353
0
0
353
0
0
354
0
0
0
0
0
0
0
0
0
0
344
0
360
0
12
17
1
14
0
0
0
12
0
0
0
0
329
18
14
0
0
0
0
0
0
0
0
379
0
13
0
0
0
0
379
0
381
0
315
0
1
0
0
0
351
0
342
354
322
0
354
351
329
0
0
337
0
0
0
0
0
13
362
0
1
0
1
0
0
343
1
0
0
0
0
0
9
0
1
15
0
0
394
0
386
0
0
0
0
0
0
0
2
0
0
0
0
0
0
0
0
8
0
0
0
0
0
0
1
0
0
0
0
0
0
372
342
364
0
0
0
0
0
0
0
0
0
0
0
13
0
364
0
0
11
20
0
343
0
335
0
0
0
0
17
0
13
0
0
2
0
8
0
391
0
0
0
0
16
0
1
317
5
0
0
0
0
0
0
0
0
1
13
0
0
0
0
8
0
396
0
0
0
337
359
346
0
0
0
0
350
0
0
0
0
0
9
0
342
366
17
0
0
0
0
0
376
332
0
355
0
16
1
0
0
376
0
7
355
0
0
0
0
1
0
0
0
350
21
351
0
0
0
364
0
0
0
0
12
0
13
1
2
0
333
0
6
366
22
0
364
0
13
0
3
0
15
0
0
0
0
0
352
14
0
1
0
0
0
1
0
14
0
1
0
0
0
0
0
0
0
0
13
0
0
13
0
0
0
0
1
0
0
1
0
0
0
0
0
0
0
0
0
0
1
0
0
380
0
0
0
1
0
0
0
373
13
1
0
2
346
0
0
339
0
0
11
0
0
0
362
0
400
365
0
380
358
0
0
14
0
14
13
0
11
0
0
8
0
10
1
380
16
381
334
0
0
360
0
13
0
0
0
0
0
367
0
0
0
0
11
364
0
0
14
363
0
1
0
0
0
0
0
0
14
0
0
0
0
0
0
0
366
0
0
0
368
0
10
0
0
356
0
0
0
1
0
10
0
11
0
0
0
0
0
0
0
0
1
13
0
0
347
0
0
0
0
0
0
337
0
0
0
384
0
15
0
0
18
0
1
0
0
0
0
0
0
0
0
0
0
0
0
0
0
0
0
0
14
0
0
13
0
0
0
11
404
375
1
0
0
0
377
0
360
0
0
15
0
0
0
0
350
0
0
14
1
0
0
0
370
0
0
15
0
376
0
0
0
0
0
17
0
0
0
369
1
0
0
0
0
369
389
376
1
0
0
0
0
0
0
0
1
371
0
24
0
380
0
0
0
2
345
1
386
0
0
390
0
0
0
0
18
362
0
9
12
408
408
372
3
0
0
1
0
346
0
0
378
0
347
0
0
1
0
0
5
0
0
0
18
0
1
0
373
0
0
0
0
0
409
0
0
11
0
0
0
16
21
0
0
1
0
0
11
1
6
365
0
372
1
0
1
24
368
0
1
0
0
0
0
371
373
0
361
0
0
13
0
0
0
0
0
0
366
0
16
0
0
11
10
2
14
3
374
0
0
411
0
15
0
0
390
0
0
0
14
9
0
390
12
0
0
0
360
372
0
367
0
0
0
395
15
0
0
0
16
0
347
0
0
0
0
392
0
9
395
13
0
0
0
412
0
0
0
0
7
348
5
348
0
14
0
11
0
0
1
0
0
354
12
0
0
0
0
0
0
0
0
0
21
1
0
0
0
396
18
0
0
13
0
0
1
0
0
0
2
11
12
0
0
0
1
17
0
0
0
0
0
0
20
10
16
369
0
0
0
0
0
11
20
0
0
397
0
0
0
0
0
15
9
0
0
373
1
0
0
0
0
14
17
0
379
0
0
0
0
397
0
2
0
11
0
0
379
0
355
0
0
0
0
0
417
379
0
0
0
1
0
12
385
372
0
376
0
12
0
0
0
1
0
15
0
0
23
1
0
358
0
0
0
0
0
0
0
0
1
0
0
0
0
0
0
398
0
0
0
0
0
0
6
0
0
1
0
0
0
0
417
381
0
0
377
0
0
0
384
399
0
0
0
11
356
11
3
0
0
0
381
0
0
0
384
0
402
387
0
0
382
0
0
0
0
0
0
0
0
355
0
0
19
0
0
403
357
0
0
0
0
0
0
0
11
0
400
13
0
0
19
0
0
1
0
0
0
0
0
0
0
0
0
0
0
0
15
1
0
0
0
0
0
0
0
0
0
0
